04-May-2021 13:33:43.031 INFO [main] org.apache.catalina.core.ApplicationContext.log ContextListener: contextInitialized()
04-May-2021 13:33:43.031 INFO [main] org.apache.catalina.core.ApplicationContext.log SessionListener: contextInitialized()
04-May-2021 13:33:43.033 INFO [main] org.apache.catalina.core.ApplicationContext.log ContextListener: attributeAdded('StockTicker', 'async.Stockticker@ed7f8b4')
04-May-2021 13:33:53.183 INFO [main] org.apache.catalina.core.ApplicationContext.log ContextListener: contextInitialized()
04-May-2021 13:33:53.183 INFO [main] org.apache.catalina.core.ApplicationContext.log SessionListener: contextInitialized()
04-May-2021 13:33:53.185 INFO [main] org.apache.catalina.core.ApplicationContext.log ContextListener: attributeAdded('StockTicker', 'async.Stockticker@49e5f737')
04-May-2021 13:33:53.275 INFO [main] org.apache.catalina.core.ApplicationContext.log SessionListener: contextDestroyed()
04-May-2021 13:33:53.275 INFO [main] org.apache.catalina.core.ApplicationContext.log ContextListener: contextDestroyed()
04-May-2021 13:34:17.378 INFO [main] org.apache.catalina.core.ApplicationContext.log ContextListener: contextInitialized()
04-May-2021 13:34:17.378 INFO [main] org.apache.catalina.core.ApplicationContext.log SessionListener: contextInitialized()
04-May-2021 13:34:17.379 INFO [main] org.apache.catalina.core.ApplicationContext.log ContextListener: attributeAdded('StockTicker', 'async.Stockticker@49e5f737')
04-May-2021 13:34:17.461 INFO [main] org.apache.catalina.core.ApplicationContext.log SessionListener: contextDestroyed()
04-May-2021 13:34:17.461 INFO [main] org.apache.catalina.core.ApplicationContext.log ContextListener: contextDestroyed()
04-May-2021 13:34:20.272 INFO [main] org.apache.catalina.core.ApplicationContext.log ContextListener: contextInitialized()
04-May-2021 13:34:20.272 INFO [main] org.apache.catalina.core.ApplicationContext.log SessionListener: contextInitialized()
04-May-2021 13:34:20.274 INFO [main] org.apache.catalina.core.ApplicationContext.log ContextListener: attributeAdded('StockTicker', 'async.Stockticker@49e5f737')
04-May-2021 13:34:20.364 INFO [main] org.apache.catalina.core.ApplicationContext.log SessionListener: contextDestroyed()
04-May-2021 13:34:20.365 INFO [main] org.apache.catalina.core.ApplicationContext.log ContextListener: contextDestroyed()
04-May-2021 13:38:17.601 INFO [main] org.apache.catalina.core.ApplicationContext.log SessionListener: contextDestroyed()
04-May-2021 13:38:17.601 INFO [main] org.apache.catalina.core.ApplicationContext.log ContextListener: contextDestroyed()
04-May-2021 13:38:42.376 INFO [main] org.apache.catalina.core.ApplicationContext.log ContextListener: contextInitialized()
04-May-2021 13:38:42.377 INFO [main] org.apache.catalina.core.ApplicationContext.log SessionListener: contextInitialized()
04-May-2021 13:38:42.378 INFO [main] org.apache.catalina.core.ApplicationContext.log ContextListener: attributeAdded('StockTicker', 'async.Stockticker@4c309d4d')
